<?xml version="1.0" encoding="UTF-8"?>
<coverage generated="1724951523123" clover="3.2.0">
  <project timestamp="1724951523123" name="All files">
    <metrics statements="54" coveredstatements="48" conditionals="65" coveredconditionals="58" methods="10" coveredmethods="10" elements="129" coveredelements="116" complexity="0" loc="54" ncloc="54" packages="3" files="5" classes="5"/>
    <package name="enums">
      <metrics statements="0" coveredstatements="0" conditionals="0" coveredconditionals="0" methods="0" coveredmethods="0"/>
      <file name="NodeEnum.ts" path="/Users/ahmetilhan/projects/amigo-js/lib/enums/NodeEnum.ts">
        <metrics statements="0" coveredstatements="0" conditionals="0" coveredconditionals="0" methods="0" coveredmethods="0"/>
      </file>
    </package>
    <package name="helpers">
      <metrics statements="4" coveredstatements="4" conditionals="4" coveredconditionals="4" methods="1" coveredmethods="1"/>
      <file name="node.helper.ts" path="/Users/ahmetilhan/projects/amigo-js/lib/helpers/node.helper.ts">
        <metrics statements="4" coveredstatements="4" conditionals="4" coveredconditionals="4" methods="1" coveredmethods="1"/>
        <line num="3" count="2" type="stmt"/>
        <line num="4" count="59" type="cond" truecount="2" falsecount="0"/>
        <line num="5" count="5" type="cond" truecount="2" falsecount="0"/>
        <line num="6" count="54" type="stmt"/>
      </file>
    </package>
    <package name="modules">
      <metrics statements="50" coveredstatements="44" conditionals="61" coveredconditionals="54" methods="9" coveredmethods="9"/>
      <file name="clone.module.ts" path="/Users/ahmetilhan/projects/amigo-js/lib/modules/clone.module.ts">
        <metrics statements="13" coveredstatements="13" conditionals="8" coveredconditionals="7" methods="1" coveredmethods="1"/>
        <line num="1" count="1" type="stmt"/>
        <line num="2" count="13" type="cond" truecount="4" falsecount="0"/>
        <line num="3" count="6" type="stmt"/>
        <line num="6" count="7" type="cond" truecount="2" falsecount="0"/>
        <line num="7" count="2" type="stmt"/>
        <line num="8" count="2" type="stmt"/>
        <line num="9" count="3" type="stmt"/>
        <line num="11" count="2" type="stmt"/>
        <line num="13" count="5" type="stmt"/>
        <line num="14" count="5" type="stmt"/>
        <line num="15" count="5" type="cond" truecount="1" falsecount="1"/>
        <line num="16" count="5" type="stmt"/>
        <line num="19" count="5" type="stmt"/>
      </file>
      <file name="compare.module.ts" path="/Users/ahmetilhan/projects/amigo-js/lib/modules/compare.module.ts">
        <metrics statements="25" coveredstatements="19" conditionals="37" coveredconditionals="31" methods="2" coveredmethods="2"/>
        <line num="3" count="1" type="stmt"/>
        <line num="4" count="39" type="cond" truecount="2" falsecount="0"/>
        <line num="5" count="29" type="cond" truecount="5" falsecount="0"/>
        <line num="6" count="9" type="stmt"/>
        <line num="7" count="20" type="cond" truecount="2" falsecount="0"/>
        <line num="15" count="2" type="stmt"/>
        <line num="16" count="18" type="cond" truecount="4" falsecount="0"/>
        <line num="17" count="2" type="stmt"/>
        <line num="18" count="2" type="stmt"/>
        <line num="19" count="2" type="stmt"/>
        <line num="21" count="16" type="cond" truecount="4" falsecount="2"/>
        <line num="22" count="0" type="stmt"/>
        <line num="24" count="16" type="cond" truecount="4" falsecount="0"/>
        <line num="25" count="8" type="cond" truecount="1" falsecount="1"/>
        <line num="26" count="8" type="stmt"/>
        <line num="27" count="8" type="stmt"/>
        <line num="30" count="8" type="cond" truecount="3" falsecount="1"/>
        <line num="31" count="0" type="stmt"/>
        <line num="32" count="0" type="stmt"/>
        <line num="34" count="0" type="cond" truecount="0" falsecount="2"/>
        <line num="36" count="0" type="stmt"/>
        <line num="37" count="0" type="stmt"/>
        <line num="40" count="8" type="stmt"/>
        <line num="43" count="1" type="stmt"/>
        <line num="44" count="5" type="stmt"/>
      </file>
      <file name="type.module.ts" path="/Users/ahmetilhan/projects/amigo-js/lib/modules/type.module.ts">
        <metrics statements="12" coveredstatements="12" conditionals="16" coveredconditionals="16" methods="6" coveredmethods="6"/>
        <line num="4" count="2" type="stmt"/>
        <line num="5" count="42" type="cond" truecount="2" falsecount="0"/>
        <line num="8" count="2" type="stmt"/>
        <line num="9" count="62" type="cond" truecount="3" falsecount="0"/>
        <line num="12" count="2" type="stmt"/>
        <line num="13" count="6" type="cond" truecount="2" falsecount="0"/>
        <line num="16" count="2" type="stmt"/>
        <line num="17" count="6" type="stmt"/>
        <line num="22" count="2" type="stmt"/>
        <line num="23" count="30" type="cond" truecount="2" falsecount="0"/>
        <line num="26" count="2" type="stmt"/>
        <line num="27" count="9" type="stmt"/>
      </file>
    </package>
  </project>
</coverage>
