TN:
SF:lib/enums/NodeEnum.ts
FNF:0
FNH:0
LF:0
LH:0
BRF:0
BRH:0
end_of_record
TN:
SF:lib/helpers/node.helper.ts
FN:3,(anonymous_0)
FNF:1
FNH:1
FNDA:59,(anonymous_0)
DA:3,2
DA:4,59
DA:5,5
DA:6,54
LF:4
LH:4
BRDA:4,0,0,5
BRDA:4,0,1,54
BRDA:5,1,0,2
BRDA:5,1,1,3
BRF:4
BRH:4
end_of_record
TN:
SF:lib/modules/clone.module.ts
FN:1,(anonymous_0)
FNF:1
FNH:1
FNDA:13,(anonymous_0)
DA:1,1
DA:2,13
DA:3,6
DA:6,7
DA:7,2
DA:8,2
DA:9,3
DA:11,2
DA:13,5
DA:14,5
DA:15,5
DA:16,5
DA:19,5
LF:13
LH:13
BRDA:2,0,0,6
BRDA:2,0,1,7
BRDA:2,1,0,13
BRDA:2,1,1,13
BRDA:6,2,0,2
BRDA:6,2,1,5
BRDA:15,3,0,5
BRDA:15,3,1,0
BRF:8
BRH:7
end_of_record
TN:
SF:lib/modules/compare.module.ts
FN:3,(anonymous_0)
FN:43,(anonymous_1)
FNF:2
FNH:2
FNDA:39,(anonymous_0)
FNDA:5,(anonymous_1)
DA:3,1
DA:4,39
DA:5,29
DA:6,9
DA:7,20
DA:15,2
DA:16,18
DA:17,2
DA:18,2
DA:19,2
DA:21,16
DA:22,0
DA:24,16
DA:25,8
DA:26,8
DA:27,8
DA:30,8
DA:31,0
DA:32,0
DA:34,0
DA:36,0
DA:37,0
DA:40,8
DA:43,1
DA:44,5
LF:25
LH:19
BRDA:4,0,0,10
BRDA:4,0,1,29
BRDA:5,1,0,9
BRDA:5,1,1,20
BRDA:5,2,0,29
BRDA:5,2,1,20
BRDA:5,2,2,20
BRDA:7,3,0,2
BRDA:7,3,1,18
BRDA:8,4,0,20
BRDA:8,4,1,12
BRDA:8,4,2,12
BRDA:8,4,3,4
BRDA:8,4,4,4
BRDA:8,4,5,2
BRDA:16,5,0,2
BRDA:16,5,1,16
BRDA:16,6,0,18
BRDA:16,6,1,2
BRDA:21,7,0,0
BRDA:21,7,1,16
BRDA:21,8,0,16
BRDA:21,8,1,5
BRDA:21,8,2,4
BRDA:21,8,3,0
BRDA:24,9,0,8
BRDA:24,9,1,8
BRDA:24,10,0,16
BRDA:24,10,1,8
BRDA:25,11,0,0
BRDA:25,11,1,8
BRDA:30,12,0,0
BRDA:30,12,1,8
BRDA:30,13,0,8
BRDA:30,13,1,8
BRDA:34,14,0,0
BRDA:34,14,1,0
BRF:37
BRH:31
end_of_record
TN:
SF:lib/modules/type.module.ts
FN:4,(anonymous_0)
FN:8,(anonymous_1)
FN:12,(anonymous_2)
FN:16,(anonymous_3)
FN:22,(anonymous_4)
FN:26,(anonymous_5)
FNF:6
FNH:6
FNDA:42,(anonymous_0)
FNDA:62,(anonymous_1)
FNDA:6,(anonymous_2)
FNDA:6,(anonymous_3)
FNDA:30,(anonymous_4)
FNDA:9,(anonymous_5)
DA:4,2
DA:5,42
DA:8,2
DA:9,62
DA:12,2
DA:13,6
DA:16,2
DA:17,6
DA:22,2
DA:23,30
DA:26,2
DA:27,9
LF:12
LH:12
BRDA:5,0,0,42
BRDA:5,0,1,31
BRDA:9,1,0,62
BRDA:9,1,1,61
BRDA:9,1,2,26
BRDA:13,2,0,6
BRDA:13,2,1,1
BRDA:18,3,0,6
BRDA:18,3,1,2
BRDA:18,3,2,5
BRDA:23,4,0,30
BRDA:23,4,1,20
BRDA:28,5,0,9
BRDA:28,5,1,2
BRDA:28,5,2,1
BRDA:28,5,3,2
BRF:16
BRH:16
end_of_record
